<?xml version="1.0" encoding="UTF-8"?>
<!-- Generated by org.testng.reporters.JUnitReportReporter -->
<testsuite hostname="DK" failures="0" tests="1" name="Utilities.test" time="3.038" errors="0" timestamp="2024-01-08T23:41:21 IST" skipped="0">
  <testcase classname="Utilities.test" name="methods" time="3.038"/>
</testsuite> <!-- Utilities.test -->
