<?xml version="1.0" encoding="UTF-8"?>
<!-- Generated by org.testng.reporters.JUnitReportReporter -->
<testsuite hostname="DK" failures="0" tests="1" name="Testcases.prc" time="0.013" errors="0" timestamp="2024-01-16T10:33:09 IST" skipped="0">
  <testcase classname="Testcases.prc" name="methods" time="0.013"/>
</testsuite> <!-- Testcases.prc -->
