<?xml version="1.0" encoding="UTF-8"?>
<!-- Generated by org.testng.reporters.JUnitReportReporter -->
<testsuite hostname="DK" failures="0" tests="3" name="Testcases.Testcase_no1" time="7.290" errors="0" timestamp="2024-01-10T14:07:09 IST" skipped="0">
  <testcase classname="Testcases.Testcase_no1" name="testmethod" time="2.356"/>
  <testcase classname="Testcases.Testcase_no1" name="testmethod" time="2.740"/>
  <testcase classname="Testcases.Testcase_no1" name="testmethod" time="2.194"/>
</testsuite> <!-- Testcases.Testcase_no1 -->
