<?xml version="1.0" encoding="UTF-8"?>
<!-- Generated by org.testng.reporters.JUnitReportReporter -->
<testsuite hostname="DK" failures="0" tests="1" name="Testcases.Tc_002_login" time="3.245" errors="0" timestamp="2024-01-11T16:00:28 IST" skipped="0">
  <testcase classname="Testcases.Tc_002_login" name="loginaction" time="3.245"/>
</testsuite> <!-- Testcases.Tc_002_login -->
