<?xml version="1.0" encoding="UTF-8"?>
<!-- Generated by org.testng.reporters.JUnitReportReporter -->
<testsuite hostname="DK" failures="0" tests="4" name="Testcases.Tc_003_login_dataprovider" time="31.571" errors="0" timestamp="2024-01-24T12:33:08 IST" skipped="0">
  <testcase classname="Testcases.Tc_003_login_dataprovider" name="login_dataprovider" time="1.982"/>
  <testcase classname="Testcases.Tc_003_login_dataprovider" name="login_dataprovider" time="10.776"/>
  <testcase classname="Testcases.Tc_003_login_dataprovider" name="login_dataprovider" time="10.674"/>
  <testcase classname="Testcases.Tc_003_login_dataprovider" name="login_dataprovider" time="8.139"/>
</testsuite> <!-- Testcases.Tc_003_login_dataprovider -->
