<?xml version="1.0" encoding="UTF-8"?>
<!-- Generated by org.testng.reporters.JUnitReportReporter -->
<testsuite hostname="DK" failures="0" tests="1" name="Testcases.Testcase_register_001" time="2.898" errors="0" timestamp="2024-01-11T02:15:39 IST" skipped="0">
  <testcase classname="Testcases.Testcase_register_001" name="testmethod" time="2.898"/>
</testsuite> <!-- Testcases.Testcase_register_001 -->
