<?xml version="1.0" encoding="UTF-8"?>
<!-- Generated by org.testng.reporters.JUnitReportReporter -->
<testsuite hostname="DK" failures="0" tests="1" name="Testcases.TESTDEMO" time="0.009" errors="0" timestamp="2024-01-08T22:45:02 IST" skipped="0">
  <testcase classname="Testcases.TESTDEMO" name="demo" time="0.009"/>
</testsuite> <!-- Testcases.TESTDEMO -->
