<?xml version="1.0" encoding="UTF-8"?>
<!-- Generated by org.testng.reporters.JUnitReportReporter -->
<testsuite hostname="DK" failures="0" tests="2" name="Testcases.Tc_003_login_dataprovider" time="2.643" errors="0" timestamp="2024-01-16T16:45:19 IST" skipped="0">
  <testcase classname="Testcases.Tc_003_login_dataprovider" name="login_dataprovider" time="0.777"/>
  <testcase classname="Testcases.Tc_003_login_dataprovider" name="login_dataprovider" time="1.866"/>
</testsuite> <!-- Testcases.Tc_003_login_dataprovider -->
