<?xml version="1.0" encoding="UTF-8"?>
<!-- Generated by org.testng.reporters.JUnitReportReporter -->
<testsuite hostname="DK" failures="0" tests="5" name="Testcases.Tc_003_login_dataprovider" time="33.769" errors="0" timestamp="2024-01-15T15:42:44 IST" skipped="0">
  <testcase classname="Testcases.Tc_003_login_dataprovider" name="login_dataprovider" time="1.263"/>
  <testcase classname="Testcases.Tc_003_login_dataprovider" name="login_dataprovider" time="10.503"/>
  <testcase classname="Testcases.Tc_003_login_dataprovider" name="login_dataprovider" time="1.067"/>
  <testcase classname="Testcases.Tc_003_login_dataprovider" name="login_dataprovider" time="10.445"/>
  <testcase classname="Testcases.Tc_003_login_dataprovider" name="login_dataprovider" time="10.491"/>
</testsuite> <!-- Testcases.Tc_003_login_dataprovider -->
