<?xml version="1.0" encoding="UTF-8"?>
<!-- Generated by org.testng.reporters.JUnitReportReporter -->
<testsuite hostname="DK" failures="0" tests="2" name="Testcases.Tc_003_login_dataprovider" time="3.581" errors="0" timestamp="2024-01-16T17:58:30 IST" skipped="0">
  <testcase classname="Testcases.Tc_003_login_dataprovider" name="login_dataprovider" time="1.541"/>
  <testcase classname="Testcases.Tc_003_login_dataprovider" name="login_dataprovider" time="2.040"/>
</testsuite> <!-- Testcases.Tc_003_login_dataprovider -->
